\BOOKMARK [0][-]{Doc-Start}{\376\377\221\315\143\222\122\115\212\000}{}% 1
\BOOKMARK [0][-]{chapter*.3}{\376\377\000I\000n\000t\000r\000o\000d\000u\000c\000t\000i\000o\000n}{}% 2
\BOOKMARK [0][-]{chapter*.5}{\376\377\000N\000o\000t\000a\000t\000i\000o\000n\000\040\000a\000n\000d\000\040\000T\000e\000r\000m\000i\000n\000o\000l\000o\000g\000y}{}% 3
\BOOKMARK [0][-]{chapter.1}{\376\377\000R\000i\000n\000g\000s\000\040\000a\000n\000d\000\040\000I\000d\000e\000a\000l\000s}{}% 4
\BOOKMARK [1][-]{section*.6}{\376\377\000R\000i\000n\000g\000s\000\040\000a\000n\000d\000\040\000R\000i\000n\000g\000\040\000H\000o\000m\000o\000m\000o\000r\000p\000h\000i\000s\000m\000s}{chapter.1}% 5
\BOOKMARK [1][-]{Item.11}{\376\377\000I\000d\000e\000a\000l\000s\000.\000\040\000Q\000u\000o\000t\000i\000e\000n\000t\000\040\000R\000i\000n\000g\000s}{chapter.1}% 6
\BOOKMARK [1][-]{proposition.1.1}{\376\377\000Z\000e\000r\000o\000-\000D\000i\000v\000i\000s\000o\000r\000s\000.\000\040\000N\000i\000l\000p\000o\000t\000e\000n\000t\000\040\000E\000l\000e\000m\000e\000n\000t\000s\000.\000\040\000U\000n\000i\000t\000s}{chapter.1}% 7
\BOOKMARK [1][-]{Item.14}{\376\377\000P\000r\000i\000m\000e\000\040\000I\000d\000e\000a\000l\000s\000\040\000a\000n\000d\000\040\000M\000a\000x\000i\000m\000a\000l\000\040\000I\000d\000e\000a\000l\000s}{chapter.1}% 8
\BOOKMARK [1][-]{Item.19}{\376\377\000N\000i\000l\000r\000a\000d\000i\000c\000a\000l\000\040\000a\000n\000d\000\040\000J\000a\000c\000o\000b\000s\000o\000n\000\040\000R\000a\000d\000i\000c\000a\000l}{chapter.1}% 9
\BOOKMARK [1][-]{proposition.1.9}{\376\377\000O\000p\000e\000r\000a\000t\000i\000o\000n\000s\000\040\000o\000n\000\040\000I\000d\000e\000a\000l\000s}{chapter.1}% 10
\BOOKMARK [1][-]{proposition.1.16}{\376\377\000E\000x\000t\000e\000n\000s\000i\000o\000n\000\040\000a\000n\000d\000\040\000C\000o\000n\000t\000r\000a\000c\000t\000i\000o\000n}{chapter.1}% 11
\BOOKMARK [1][-]{exercise.1.18}{\376\377\000E\000x\000e\000r\000c\000i\000s\000e\000s}{chapter.1}% 12
\BOOKMARK [0][-]{chapter.2}{\376\377\000M\000o\000d\000u\000l\000e\000s}{}% 13
\BOOKMARK [1][-]{section*.7}{\376\377\000M\000o\000d\000u\000l\000e\000s\000\040\000a\000n\000d\000\040\000M\000o\000d\000u\000l\000e\000\040\000H\000o\000m\000o\000m\000o\000r\000p\000h\000i\000s\000m\000s}{chapter.2}% 14
\BOOKMARK [1][-]{thmt@dummyctr.dummy.26}{\376\377\000S\000u\000b\000m\000o\000d\000u\000l\000e\000s\000\040\000a\000n\000d\000\040\000Q\000u\000o\000t\000i\000e\000n\000t\000\040\000M\000o\000d\000u\000l\000e\000s}{chapter.2}% 15
\BOOKMARK [1][-]{thmt@dummyctr.dummy.26}{\376\377\000O\000p\000e\000r\000a\000t\000i\000o\000n\000s\000\040\000o\000n\000\040\000S\000u\000b\000m\000o\000d\000u\000l\000e\000s}{chapter.2}% 16
\BOOKMARK [1][-]{Item.108}{\376\377\000D\000i\000r\000e\000c\000t\000\040\000S\000u\000m\000\040\000a\000n\000d\000\040\000P\000r\000o\000d\000u\000c\000t}{chapter.2}% 17
\BOOKMARK [1][-]{Item.108}{\376\377\000F\000i\000n\000i\000t\000e\000l\000y\000\040\000G\000e\000n\000e\000r\000a\000t\000e\000d\000\040\000M\000o\000d\000u\000l\000e\000s}{chapter.2}% 18
\BOOKMARK [1][-]{proposition.2.8}{\376\377\000E\000x\000a\000c\000t\000\040\000S\000e\000q\000u\000e\000n\000c\000e\000s}{chapter.2}% 19
\BOOKMARK [1][-]{proposition.2.11}{\376\377\000T\000e\000n\000s\000o\000r\000\040\000P\000r\000o\000d\000u\000c\000t\000\040\000o\000f\000\040\000M\000o\000d\000u\000l\000e\000s}{chapter.2}% 20
\BOOKMARK [1][-]{exercise.2.15}{\376\377\000R\000e\000s\000t\000r\000i\000c\000t\000i\000o\000n\000\040\000a\000n\000d\000\040\000e\000x\000t\000e\000n\000s\000i\000o\000n\000\040\000o\000f\000\040\000s\000c\000a\000l\000a\000r\000s}{chapter.2}% 21
\BOOKMARK [1][-]{proposition.2.17}{\376\377\000E\000x\000a\000c\000t\000n\000e\000s\000s\000\040\000P\000r\000o\000p\000e\000r\000t\000i\000e\000s\000\040\000o\000f\000\040\000t\000h\000e\000\040\000T\000e\000n\000s\000o\000r\000\040\000P\000r\000o\000d\000u\000c\000t}{chapter.2}% 22
\BOOKMARK [1][-]{exercise.2.20}{\376\377\000A\000l\000g\000e\000b\000r\000a\000s}{chapter.2}% 23
\BOOKMARK [1][-]{Item.126}{\376\377\000T\000e\000n\000s\000o\000r\000\040\000P\000r\000o\000d\000u\000c\000t\000\040\000o\000f\000\040\000A\000l\000g\000e\000b\000r\000a\000s}{chapter.2}% 24
\BOOKMARK [1][-]{Item.126}{\376\377\000E\000x\000e\000r\000c\000i\000s\000e\000s}{chapter.2}% 25
\BOOKMARK [0][-]{chapter.3}{\376\377\000R\000i\000n\000g\000s\000\040\000a\000n\000d\000\040\000M\000o\000d\000u\000l\000e\000s\000\040\000o\000f\000\040\000F\000r\000a\000c\000t\000i\000o\000n\000s}{}% 26
\BOOKMARK [1][-]{proposition.3.7}{\376\377\000L\000o\000c\000a\000l\000\040\000P\000r\000o\000p\000e\000r\000t\000i\000e\000s}{chapter.3}% 27
\BOOKMARK [1][-]{Item.189}{\376\377\000E\000x\000t\000e\000n\000d\000e\000d\000\040\000a\000n\000d\000\040\000C\000o\000n\000t\000r\000a\000c\000t\000e\000d\000\040\000I\000d\000e\000a\000l\000s\000\040\000i\000n\000\040\000R\000i\000n\000g\000s\000\040\000o\000f\000\040\000F\000r\000a\000c\000t\000i\000o\000n\000s}{chapter.3}% 28
\BOOKMARK [1][-]{proposition.3.16}{\376\377\000E\000x\000e\000r\000c\000i\000s\000e\000s}{chapter.3}% 29
\BOOKMARK [0][-]{chapter.4}{\376\377\000P\000r\000i\000m\000a\000r\000y\000\040\000D\000e\000c\000o\000m\000p\000o\000s\000i\000t\000i\000o\000n}{}% 30
\BOOKMARK [1][-]{thmt@dummyctr.dummy.90}{\376\377\000E\000x\000e\000r\000c\000i\000s\000e\000s}{chapter.4}% 31
\BOOKMARK [0][-]{chapter.5}{\376\377\000I\000n\000t\000e\000g\000r\000a\000l\000\040\000D\000e\000p\000e\000n\000d\000e\000n\000c\000e\000\040\000a\000n\000d\000\040\000V\000a\000l\000u\000a\000t\000i\000o\000n\000s}{}% 32
\BOOKMARK [1][-]{section*.18}{\376\377\000I\000n\000t\000e\000g\000r\000a\000l\000\040\000D\000e\000p\000e\000n\000d\000e\000n\000c\000e}{chapter.5}% 33
\BOOKMARK [1][-]{proposition.5.6}{\376\377\000T\000h\000e\000\040\000G\000o\000i\000n\000g\000-\000U\000p\000\040\000T\000h\000e\000o\000r\000e\000m}{chapter.5}% 34
\BOOKMARK [1][-]{theorem.5.11}{\376\377\000e\000I\000n\000t\000e\000g\000r\000a\000l\000l\000y\000\040\000C\000l\000o\000s\000e\000d\000\040\000I\000n\000t\000e\000g\000r\000a\000l\000\040\000D\000o\000m\000a\000i\000n\000s\000.\000\040\000T\000h\000e\000\040\000G\000o\000i\000n\000g\000-\000D\000o\000w\000n\000\040\000T\000h\000e\000o\000r\000e\000m}{chapter.5}% 35
\BOOKMARK [1][-]{proposition.5.17}{\376\377\000V\000a\000l\000u\000a\000t\000i\000o\000n\000\040\000R\000i\000n\000g\000s}{chapter.5}% 36
\BOOKMARK [1][-]{corollary.5.24}{\376\377\000E\000x\000e\000r\000c\000i\000s\000e\000s}{chapter.5}% 37
\BOOKMARK [0][-]{chapter.6}{\376\377\000C\000h\000a\000i\000n\000\040\000C\000o\000n\000d\000i\000t\000i\000o\000n\000s}{}% 38
\BOOKMARK [1][-]{corollary.6.11}{\376\377\000E\000x\000e\000r\000c\000i\000s\000e\000s}{chapter.6}% 39
\BOOKMARK [0][-]{chapter.7}{\376\377\000N\000o\000e\000t\000h\000e\000r\000i\000a\000n\000\040\000R\000i\000n\000g\000s}{}% 40
\BOOKMARK [1][-]{corollary.7.10}{\376\377\000P\000r\000i\000m\000a\000r\000y\000\040\000D\000e\000c\000o\000m\000p\000o\000s\000i\000t\000i\000o\000n\000\040\000i\000n\000\040\000N\000o\000e\000t\000h\000e\000r\000i\000a\000n\000\040\000R\000i\000n\000g\000s}{chapter.7}% 41
\BOOKMARK [1][-]{proposition.7.17}{\376\377\000E\000x\000e\000r\000c\000i\000s\000e\000s}{chapter.7}% 42
\BOOKMARK [0][-]{chapter.8}{\376\377\000A\000r\000t\000i\000n\000\040\000R\000i\000n\000g\000s}{}% 43
\BOOKMARK [1][-]{thmt@dummyctr.dummy.159}{\376\377\000E\000x\000e\000r\000c\000i\000s\000e\000s}{chapter.8}% 44
\BOOKMARK [0][-]{chapter.9}{\376\377\000D\000i\000s\000c\000r\000e\000t\000e\000\040\000V\000a\000l\000u\000a\000t\000i\000o\000n\000\040\000R\000i\000n\000g\000s\000\040\000a\000n\000d\000\040\000D\000e\000d\000e\000k\000i\000n\000d\000\040\000D\000o\000m\000a\000i\000n\000s}{}% 45
\BOOKMARK [1][-]{proposition.9.1}{\376\377\000D\000i\000s\000c\000r\000e\000t\000e\000\040\000V\000a\000l\000u\000a\000t\000i\000o\000n\000\040\000R\000i\000n\000g\000s}{chapter.9}% 46
\BOOKMARK [1][-]{Item.522}{\376\377\000D\000e\000d\000e\000k\000i\000n\000d\000\040\000D\000o\000m\000a\000i\000n\000s}{chapter.9}% 47
\BOOKMARK [1][-]{thmt@dummyctr.dummy.167}{\376\377\000F\000r\000a\000c\000t\000i\000o\000n\000a\000l\000\040\000I\000d\000e\000a\000l\000s}{chapter.9}% 48
\BOOKMARK [1][-]{Item.534}{\376\377\000E\000x\000e\000r\000c\000i\000s\000e\000s}{chapter.9}% 49
\BOOKMARK [0][-]{chapter.10}{\376\377\000C\000o\000m\000p\000l\000e\000t\000i\000o\000n\000s}{}% 50
\BOOKMARK [1][-]{section*.34}{\376\377\000T\000o\000p\000o\000l\000o\000g\000i\000e\000s\000\040\000a\000n\000d\000\040\000C\000o\000m\000p\000l\000e\000t\000i\000o\000n\000s}{chapter.10}% 51
\BOOKMARK [1][-]{Item.549}{\376\377\000F\000i\000l\000t\000r\000a\000t\000i\000o\000n\000s}{chapter.10}% 52
\BOOKMARK [1][-]{lemma.10.6}{\376\377\000G\000r\000a\000d\000e\000d\000\040\000R\000i\000n\000g\000s\000\040\000a\000n\000d\000\040\000M\000o\000d\000u\000l\000e\000s}{chapter.10}% 53
\BOOKMARK [1][-]{corollary.10.21}{\376\377\000T\000h\000e\000\040\000A\000s\000s\000o\000c\000i\000a\000t\000e\000d\000\040\000G\000r\000a\000d\000e\000d\000\040\000R\000i\000n\000g}{chapter.10}% 54
\BOOKMARK [1][-]{corollary.10.27}{\376\377\000E\000x\000e\000r\000c\000i\000s\000e\000s}{chapter.10}% 55
\BOOKMARK [0][-]{chapter.11}{\376\377\000D\000i\000m\000e\000n\000s\000i\000o\000n\000\040\000T\000h\000e\000o\000r\000y}{}% 56
\BOOKMARK [1][-]{section*.39}{\376\377\000H\000i\000l\000b\000e\000r\000t\000\040\000F\000u\000n\000c\000t\000i\000o\000n\000s}{chapter.11}% 57
\BOOKMARK [1][-]{proposition.11.6}{\376\377\000D\000i\000m\000e\000n\000s\000i\000o\000n\000\040\000T\000h\000e\000o\000r\000y\000\040\000o\000f\000\040\000N\000o\000e\000t\000h\000e\000r\000i\000a\000n\000\040\000L\000o\000c\000a\000l\000\040\000R\000i\000n\000g\000s}{chapter.11}% 58
\BOOKMARK [1][-]{corollary.11.21}{\376\377\000R\000e\000g\000u\000l\000a\000r\000\040\000L\000o\000c\000a\000l\000\040\000R\000i\000n\000g\000s}{chapter.11}% 59
\BOOKMARK [1][-]{thmt@dummyctr.dummy.236}{\376\377\000T\000r\000a\000n\000s\000c\000e\000n\000d\000e\000n\000t\000a\000l\000\040\000D\000i\000m\000e\000n\000s\000i\000o\000n}{chapter.11}% 60
\BOOKMARK [1][-]{corollary.11.27}{\376\377\000E\000x\000e\000r\000c\000i\000s\000e\000s}{chapter.11}% 61
\BOOKMARK [0][-]{Item.597}{\376\377\000I\000n\000d\000e\000x}{}% 62
